-------------------------------------------------------------------------------
Test set: TestSuite
-------------------------------------------------------------------------------
Tests run: 8, Failures: 2, Errors: 0, Skipped: 0, Time elapsed: 511.148 s <<< FAILURE! - in TestSuite
feature(hulk.runners.RunnerClass)  Time elapsed: 4.639 s  <<< FAILURE!
cucumber.runtime.CucumberException: 
java.lang.AssertionError: 1 expectation failed.
Response body doesn't match expectation.
Expected: The content to match the given JSON schema.
warning: the following keywords are unknown and will be ignored: [$id, examples]
    level: "warning"
    schema: {"loadingURI":"#","pointer":""}
    domain: "syntax"
    ignored: ["$id","examples"]
warning: the following keywords are unknown and will be ignored: [examples]
    level: "warning"
    schema: {"loadingURI":"#","pointer":"/properties/category"}
    domain: "syntax"
    ignored: ["examples"]
warning: the following keywords are unknown and will be ignored: [examples]
    level: "warning"
    schema: {"loadingURI":"#","pointer":"/properties/category/properties/id"}
    domain: "syntax"
    ignored: ["examples"]
warning: the following keywords are unknown and will be ignored: [examples]
    level: "warning"
    schema: {"loadingURI":"#","pointer":"/properties/category/properties/name"}
    domain: "syntax"
    ignored: ["examples"]
warning: the following keywords are unknown and will be ignored: [examples]
    level: "warning"
    schema: {"loadingURI":"#","pointer":"/properties/id"}
    domain: "syntax"
    ignored: ["examples"]
warning: the following keywords are unknown and will be ignored: [examples]
    level: "warning"
    schema: {"loadingURI":"#","pointer":"/properties/name"}
    domain: "syntax"
    ignored: ["examples"]
warning: the following keywords are unknown and will be ignored: [examples]
    level: "warning"
    schema: {"loadingURI":"#","pointer":"/properties/photoUrls"}
    domain: "syntax"
    ignored: ["examples"]
warning: the following keywords are unknown and will be ignored: [examples]
    level: "warning"
    schema: {"loadingURI":"#","pointer":"/properties/photoUrls/items"}
    domain: "syntax"
    ignored: ["examples"]
warning: the following keywords are unknown and will be ignored: [examples]
    level: "warning"
    schema: {"loadingURI":"#","pointer":"/properties/status"}
    domain: "syntax"
    ignored: ["examples"]
warning: the following keywords are unknown and will be ignored: [examples]
    level: "warning"
    schema: {"loadingURI":"#","pointer":"/properties/tags"}
    domain: "syntax"
    ignored: ["examples"]
warning: the following keywords are unknown and will be ignored: [examples]
    level: "warning"
    schema: {"loadingURI":"#","pointer":"/properties/tags/items"}
    domain: "syntax"
    ignored: ["examples"]
warning: the following keywords are unknown and will be ignored: [examples]
    level: "warning"
    schema: {"loadingURI":"#","pointer":"/properties/tags/items/properties/id"}
    domain: "syntax"
    ignored: ["examples"]
warning: the following keywords are unknown and will be ignored: [examples]
    level: "warning"
    schema: {"loadingURI":"#","pointer":"/properties/tags/items/properties/name"}
    domain: "syntax"
    ignored: ["examples"]
error: object has missing required properties (["category","id","name","photoUrls","status","tags"])
    level: "error"
    schema: {"loadingURI":"#","pointer":""}
    instance: {"pointer":""}
    domain: "validation"
    keyword: "required"
    required: ["category","id","name","photoUrls","status","tags"]
    missing: ["category","id","name","photoUrls","status","tags"]

  Actual: {"code":200,"type":"unknown","message":"17"}

Caused by: java.lang.AssertionError: 
1 expectation failed.
Response body doesn't match expectation.
Expected: The content to match the given JSON schema.
warning: the following keywords are unknown and will be ignored: [$id, examples]
    level: "warning"
    schema: {"loadingURI":"#","pointer":""}
    domain: "syntax"
    ignored: ["$id","examples"]
warning: the following keywords are unknown and will be ignored: [examples]
    level: "warning"
    schema: {"loadingURI":"#","pointer":"/properties/category"}
    domain: "syntax"
    ignored: ["examples"]
warning: the following keywords are unknown and will be ignored: [examples]
    level: "warning"
    schema: {"loadingURI":"#","pointer":"/properties/category/properties/id"}
    domain: "syntax"
    ignored: ["examples"]
warning: the following keywords are unknown and will be ignored: [examples]
    level: "warning"
    schema: {"loadingURI":"#","pointer":"/properties/category/properties/name"}
    domain: "syntax"
    ignored: ["examples"]
warning: the following keywords are unknown and will be ignored: [examples]
    level: "warning"
    schema: {"loadingURI":"#","pointer":"/properties/id"}
    domain: "syntax"
    ignored: ["examples"]
warning: the following keywords are unknown and will be ignored: [examples]
    level: "warning"
    schema: {"loadingURI":"#","pointer":"/properties/name"}
    domain: "syntax"
    ignored: ["examples"]
warning: the following keywords are unknown and will be ignored: [examples]
    level: "warning"
    schema: {"loadingURI":"#","pointer":"/properties/photoUrls"}
    domain: "syntax"
    ignored: ["examples"]
warning: the following keywords are unknown and will be ignored: [examples]
    level: "warning"
    schema: {"loadingURI":"#","pointer":"/properties/photoUrls/items"}
    domain: "syntax"
    ignored: ["examples"]
warning: the following keywords are unknown and will be ignored: [examples]
    level: "warning"
    schema: {"loadingURI":"#","pointer":"/properties/status"}
    domain: "syntax"
    ignored: ["examples"]
warning: the following keywords are unknown and will be ignored: [examples]
    level: "warning"
    schema: {"loadingURI":"#","pointer":"/properties/tags"}
    domain: "syntax"
    ignored: ["examples"]
warning: the following keywords are unknown and will be ignored: [examples]
    level: "warning"
    schema: {"loadingURI":"#","pointer":"/properties/tags/items"}
    domain: "syntax"
    ignored: ["examples"]
warning: the following keywords are unknown and will be ignored: [examples]
    level: "warning"
    schema: {"loadingURI":"#","pointer":"/properties/tags/items/properties/id"}
    domain: "syntax"
    ignored: ["examples"]
warning: the following keywords are unknown and will be ignored: [examples]
    level: "warning"
    schema: {"loadingURI":"#","pointer":"/properties/tags/items/properties/name"}
    domain: "syntax"
    ignored: ["examples"]
error: object has missing required properties (["category","id","name","photoUrls","status","tags"])
    level: "error"
    schema: {"loadingURI":"#","pointer":""}
    instance: {"pointer":""}
    domain: "validation"
    keyword: "required"
    required: ["category","id","name","photoUrls","status","tags"]
    missing: ["category","id","name","photoUrls","status","tags"]

  Actual: {"code":200,"type":"unknown","message":"17"}


feature(hulk.runners.RunnerClass)  Time elapsed: 356.921 s  <<< FAILURE!
cucumber.runtime.CucumberException: 
org.openqa.selenium.WebDriverException: unknown error: cannot determine loading status
from disconnected: unable to send message to renderer
  (Session info: chrome=128.0.6613.119)
Build info: version: '3.12.0', revision: '7c6e0b3', time: '2018-05-08T14:04:26.12Z'
System info: host: 'DESKTOP-S20TJ16', ip: '192.168.1.13', os.name: 'Windows 10', os.arch: 'amd64', os.version: '10.0', java.version: '1.8.0_202'
Driver info: org.openqa.selenium.chrome.ChromeDriver
Capabilities {acceptInsecureCerts: false, browserName: chrome, browserVersion: 128.0.6613.119, chrome: {chromedriverVersion: 128.0.6613.119 (6e439cfca4d..., userDataDir: C:\Users\eguru\AppData\Loca...}, fedcm:accounts: true, goog:chromeOptions: {debuggerAddress: localhost:55855}, javascriptEnabled: true, networkConnectionEnabled: false, pageLoadStrategy: normal, platform: WINDOWS, platformName: WINDOWS, proxy: Proxy(), setWindowRect: true, strictFileInteractability: false, timeouts: {implicit: 0, pageLoad: 300000, script: 30000}, unhandledPromptBehavior: dismiss and notify, webauthn:extension:credBlob: true, webauthn:extension:largeBlob: true, webauthn:extension:minPinLength: true, webauthn:extension:prf: true, webauthn:virtualAuthenticators: true}
Session ID: 4bff68a6bd0f3fd57426e02a25bb6d97
Caused by: org.openqa.selenium.WebDriverException: 
unknown error: cannot determine loading status
from disconnected: unable to send message to renderer
  (Session info: chrome=128.0.6613.119)
Build info: version: '3.12.0', revision: '7c6e0b3', time: '2018-05-08T14:04:26.12Z'
System info: host: 'DESKTOP-S20TJ16', ip: '192.168.1.13', os.name: 'Windows 10', os.arch: 'amd64', os.version: '10.0', java.version: '1.8.0_202'
Driver info: org.openqa.selenium.chrome.ChromeDriver
Capabilities {acceptInsecureCerts: false, browserName: chrome, browserVersion: 128.0.6613.119, chrome: {chromedriverVersion: 128.0.6613.119 (6e439cfca4d..., userDataDir: C:\Users\eguru\AppData\Loca...}, fedcm:accounts: true, goog:chromeOptions: {debuggerAddress: localhost:55855}, javascriptEnabled: true, networkConnectionEnabled: false, pageLoadStrategy: normal, platform: WINDOWS, platformName: WINDOWS, proxy: Proxy(), setWindowRect: true, strictFileInteractability: false, timeouts: {implicit: 0, pageLoad: 300000, script: 30000}, unhandledPromptBehavior: dismiss and notify, webauthn:extension:credBlob: true, webauthn:extension:largeBlob: true, webauthn:extension:minPinLength: true, webauthn:extension:prf: true, webauthn:virtualAuthenticators: true}
Session ID: 4bff68a6bd0f3fd57426e02a25bb6d97

