<?xml version="1.0" encoding="UTF-8"?>
<testng-results skipped="0" failed="0" total="2" passed="2">
  <reporter-output>
  </reporter-output>
  <suite name="Regression" duration-ms="8587" started-at="2024-08-08T21:27:33Z" finished-at="2024-08-08T21:27:42Z">
    <groups>
      <group name="cucumber">
        <method signature="AbstractTestNGCucumberTests.feature(cucumber.api.testng.CucumberFeatureWrapper)[pri:0, instance:hulk.runners.RunnerClass@58651fd0]" name="feature" class="cucumber.api.testng.AbstractTestNGCucumberTests"/>
      </group> <!-- cucumber -->
    </groups>
    <test name="drugs" duration-ms="8587" started-at="2024-08-08T21:27:33Z" finished-at="2024-08-08T21:27:42Z">
      <class name="hulk.runners.RunnerClass">
        <test-method status="PASS" signature="setUpClass()[pri:0, instance:hulk.runners.RunnerClass@58651fd0]" name="setUpClass" is-config="true" duration-ms="128" started-at="2024-08-08T17:27:33Z" finished-at="2024-08-08T17:27:33Z">
          <reporter-output>
          </reporter-output>
        </test-method> <!-- setUpClass -->
        <test-method status="PASS" signature="feature(cucumber.api.testng.CucumberFeatureWrapper)[pri:0, instance:hulk.runners.RunnerClass@58651fd0]" name="feature" duration-ms="4541" started-at="2024-08-08T17:27:33Z" description="Runs Cucumber Feature" data-provider="features" finished-at="2024-08-08T17:27:38Z">
          <params>
            <param index="0">
              <value>
                <![CDATA[Contact Us functionality on drugs.com]]>
              </value>
            </param>
          </params>
          <reporter-output>
          </reporter-output>
        </test-method> <!-- feature -->
        <test-method status="PASS" signature="feature(cucumber.api.testng.CucumberFeatureWrapper)[pri:0, instance:hulk.runners.RunnerClass@58651fd0]" name="feature" duration-ms="3692" started-at="2024-08-08T17:27:38Z" description="Runs Cucumber Feature" data-provider="features" finished-at="2024-08-08T17:27:42Z">
          <params>
            <param index="0">
              <value>
                <![CDATA[Drug & Medication functionality]]>
              </value>
            </param>
          </params>
          <reporter-output>
          </reporter-output>
        </test-method> <!-- feature -->
        <test-method status="PASS" signature="writeExtentReport()[pri:0, instance:hulk.runners.RunnerClass@58651fd0]" name="writeExtentReport" is-config="true" duration-ms="11" started-at="2024-08-08T17:27:42Z" finished-at="2024-08-08T17:27:42Z">
          <reporter-output>
          </reporter-output>
        </test-method> <!-- writeExtentReport -->
        <test-method status="PASS" signature="tearDownClass()[pri:0, instance:hulk.runners.RunnerClass@58651fd0]" name="tearDownClass" is-config="true" duration-ms="168" started-at="2024-08-08T17:27:42Z" finished-at="2024-08-08T17:27:42Z">
          <reporter-output>
          </reporter-output>
        </test-method> <!-- tearDownClass -->
      </class> <!-- hulk.runners.RunnerClass -->
    </test> <!-- drugs -->
  </suite> <!-- Regression -->
</testng-results>
