<?xml version="1.0" encoding="UTF-8"?>
<testsuite xmlns:xsi="http://www.w3.org/2001/XMLSchema-instance" xsi:noNamespaceSchemaLocation="https://maven.apache.org/surefire/maven-surefire-plugin/xsd/surefire-test-report.xsd" name="TestSuite" time="511.148" tests="8" errors="0" skipped="0" failures="2">
  <properties>
[...]
</properties>
  <testcase name="feature" classname="hulk.runners.RunnerClass" time="54.164"/>
  <testcase name="feature" classname="hulk.runners.RunnerClass" time="41.352"/>
  <testcase name="feature" classname="hulk.runners.RunnerClass" time="27.986"/>
  <testcase name="feature" classname="hulk.runners.RunnerClass" time="3.44"/>
  <testcase name="feature" classname="hulk.runners.RunnerClass" time="10.128"/>
  <testcase name="feature" classname="hulk.runners.RunnerClass" time="4.639">
    <failure message="java.lang.AssertionError: 1 expectation failed.&#10;Response body doesn&apos;t match expectation.&#10;Expected: The content to match the given JSON schema.&#10;warning: the following keywords are unknown and will be ignored: [$id, examples]&#10;    level: &quot;warning&quot;&#10;    schema: {&quot;loadingURI&quot;:&quot;#&quot;,&quot;pointer&quot;:&quot;&quot;}&#10;    domain: &quot;syntax&quot;&#10;    ignored: [&quot;$id&quot;,&quot;examples&quot;]&#10;warning: the following keywords are unknown and will be ignored: [examples]&#10;    level: &quot;warning&quot;&#10;    schema: {&quot;loadingURI&quot;:&quot;#&quot;,&quot;pointer&quot;:&quot;/properties/category&quot;}&#10;    domain: &quot;syntax&quot;&#10;    ignored: [&quot;examples&quot;]&#10;warning: the following keywords are unknown and will be ignored: [examples]&#10;    level: &quot;warning&quot;&#10;    schema: {&quot;loadingURI&quot;:&quot;#&quot;,&quot;pointer&quot;:&quot;/properties/category/properties/id&quot;}&#10;    domain: &quot;syntax&quot;&#10;    ignored: [&quot;examples&quot;]&#10;warning: the following keywords are unknown and will be ignored: [examples]&#10;    level: &quot;warning&quot;&#10;    schema: {&quot;loadingURI&quot;:&quot;#&quot;,&quot;pointer&quot;:&quot;/properties/category/properties/name&quot;}&#10;    domain: &quot;syntax&quot;&#10;    ignored: [&quot;examples&quot;]&#10;warning: the following keywords are unknown and will be ignored: [examples]&#10;    level: &quot;warning&quot;&#10;    schema: {&quot;loadingURI&quot;:&quot;#&quot;,&quot;pointer&quot;:&quot;/properties/id&quot;}&#10;    domain: &quot;syntax&quot;&#10;    ignored: [&quot;examples&quot;]&#10;warning: the following keywords are unknown and will be ignored: [examples]&#10;    level: &quot;warning&quot;&#10;    schema: {&quot;loadingURI&quot;:&quot;#&quot;,&quot;pointer&quot;:&quot;/properties/name&quot;}&#10;    domain: &quot;syntax&quot;&#10;    ignored: [&quot;examples&quot;]&#10;warning: the following keywords are unknown and will be ignored: [examples]&#10;    level: &quot;warning&quot;&#10;    schema: {&quot;loadingURI&quot;:&quot;#&quot;,&quot;pointer&quot;:&quot;/properties/photoUrls&quot;}&#10;    domain: &quot;syntax&quot;&#10;    ignored: [&quot;examples&quot;]&#10;warning: the following keywords are unknown and will be ignored: [examples]&#10;    level: &quot;warning&quot;&#10;    schema: {&quot;loadingURI&quot;:&quot;#&quot;,&quot;pointer&quot;:&quot;/properties/photoUrls/items&quot;}&#10;    domain: &quot;syntax&quot;&#10;    ignored: [&quot;examples&quot;]&#10;warning: the following keywords are unknown and will be ignored: [examples]&#10;    level: &quot;warning&quot;&#10;    schema: {&quot;loadingURI&quot;:&quot;#&quot;,&quot;pointer&quot;:&quot;/properties/status&quot;}&#10;    domain: &quot;syntax&quot;&#10;    ignored: [&quot;examples&quot;]&#10;warning: the following keywords are unknown and will be ignored: [examples]&#10;    level: &quot;warning&quot;&#10;    schema: {&quot;loadingURI&quot;:&quot;#&quot;,&quot;pointer&quot;:&quot;/properties/tags&quot;}&#10;    domain: &quot;syntax&quot;&#10;    ignored: [&quot;examples&quot;]&#10;warning: the following keywords are unknown and will be ignored: [examples]&#10;    level: &quot;warning&quot;&#10;    schema: {&quot;loadingURI&quot;:&quot;#&quot;,&quot;pointer&quot;:&quot;/properties/tags/items&quot;}&#10;    domain: &quot;syntax&quot;&#10;    ignored: [&quot;examples&quot;]&#10;warning: the following keywords are unknown and will be ignored: [examples]&#10;    level: &quot;warning&quot;&#10;    schema: {&quot;loadingURI&quot;:&quot;#&quot;,&quot;pointer&quot;:&quot;/properties/tags/items/properties/id&quot;}&#10;    domain: &quot;syntax&quot;&#10;    ignored: [&quot;examples&quot;]&#10;warning: the following keywords are unknown and will be ignored: [examples]&#10;    level: &quot;warning&quot;&#10;    schema: {&quot;loadingURI&quot;:&quot;#&quot;,&quot;pointer&quot;:&quot;/properties/tags/items/properties/name&quot;}&#10;    domain: &quot;syntax&quot;&#10;    ignored: [&quot;examples&quot;]&#10;error: object has missing required properties ([&quot;category&quot;,&quot;id&quot;,&quot;name&quot;,&quot;photoUrls&quot;,&quot;status&quot;,&quot;tags&quot;])&#10;    level: &quot;error&quot;&#10;    schema: {&quot;loadingURI&quot;:&quot;#&quot;,&quot;pointer&quot;:&quot;&quot;}&#10;    instance: {&quot;pointer&quot;:&quot;&quot;}&#10;    domain: &quot;validation&quot;&#10;    keyword: &quot;required&quot;&#10;    required: [&quot;category&quot;,&quot;id&quot;,&quot;name&quot;,&quot;photoUrls&quot;,&quot;status&quot;,&quot;tags&quot;]&#10;    missing: [&quot;category&quot;,&quot;id&quot;,&quot;name&quot;,&quot;photoUrls&quot;,&quot;status&quot;,&quot;tags&quot;]&#10;&#10;  Actual: {&quot;code&quot;:200,&quot;type&quot;:&quot;unknown&quot;,&quot;message&quot;:&quot;17&quot;}&#10;" type="cucumber.runtime.CucumberException">cucumber.runtime.CucumberException: 
java.lang.AssertionError: 1 expectation failed.
Response body doesn't match expectation.
Expected: The content to match the given JSON schema.
warning: the following keywords are unknown and will be ignored: [$id, examples]
    level: "warning"
    schema: {"loadingURI":"#","pointer":""}
    domain: "syntax"
    ignored: ["$id","examples"]
warning: the following keywords are unknown and will be ignored: [examples]
    level: "warning"
    schema: {"loadingURI":"#","pointer":"/properties/category"}
    domain: "syntax"
    ignored: ["examples"]
warning: the following keywords are unknown and will be ignored: [examples]
    level: "warning"
    schema: {"loadingURI":"#","pointer":"/properties/category/properties/id"}
    domain: "syntax"
    ignored: ["examples"]
warning: the following keywords are unknown and will be ignored: [examples]
    level: "warning"
    schema: {"loadingURI":"#","pointer":"/properties/category/properties/name"}
    domain: "syntax"
    ignored: ["examples"]
warning: the following keywords are unknown and will be ignored: [examples]
    level: "warning"
    schema: {"loadingURI":"#","pointer":"/properties/id"}
    domain: "syntax"
    ignored: ["examples"]
warning: the following keywords are unknown and will be ignored: [examples]
    level: "warning"
    schema: {"loadingURI":"#","pointer":"/properties/name"}
    domain: "syntax"
    ignored: ["examples"]
warning: the following keywords are unknown and will be ignored: [examples]
    level: "warning"
    schema: {"loadingURI":"#","pointer":"/properties/photoUrls"}
    domain: "syntax"
    ignored: ["examples"]
warning: the following keywords are unknown and will be ignored: [examples]
    level: "warning"
    schema: {"loadingURI":"#","pointer":"/properties/photoUrls/items"}
    domain: "syntax"
    ignored: ["examples"]
warning: the following keywords are unknown and will be ignored: [examples]
    level: "warning"
    schema: {"loadingURI":"#","pointer":"/properties/status"}
    domain: "syntax"
    ignored: ["examples"]
warning: the following keywords are unknown and will be ignored: [examples]
    level: "warning"
    schema: {"loadingURI":"#","pointer":"/properties/tags"}
    domain: "syntax"
    ignored: ["examples"]
warning: the following keywords are unknown and will be ignored: [examples]
    level: "warning"
    schema: {"loadingURI":"#","pointer":"/properties/tags/items"}
    domain: "syntax"
    ignored: ["examples"]
warning: the following keywords are unknown and will be ignored: [examples]
    level: "warning"
    schema: {"loadingURI":"#","pointer":"/properties/tags/items/properties/id"}
    domain: "syntax"
    ignored: ["examples"]
warning: the following keywords are unknown and will be ignored: [examples]
    level: "warning"
    schema: {"loadingURI":"#","pointer":"/properties/tags/items/properties/name"}
    domain: "syntax"
    ignored: ["examples"]
error: object has missing required properties (["category","id","name","photoUrls","status","tags"])
    level: "error"
    schema: {"loadingURI":"#","pointer":""}
    instance: {"pointer":""}
    domain: "validation"
    keyword: "required"
    required: ["category","id","name","photoUrls","status","tags"]
    missing: ["category","id","name","photoUrls","status","tags"]

  Actual: {"code":200,"type":"unknown","message":"17"}

Caused by: java.lang.AssertionError: 
1 expectation failed.
Response body doesn't match expectation.
Expected: The content to match the given JSON schema.
warning: the following keywords are unknown and will be ignored: [$id, examples]
    level: "warning"
    schema: {"loadingURI":"#","pointer":""}
    domain: "syntax"
    ignored: ["$id","examples"]
warning: the following keywords are unknown and will be ignored: [examples]
    level: "warning"
    schema: {"loadingURI":"#","pointer":"/properties/category"}
    domain: "syntax"
    ignored: ["examples"]
warning: the following keywords are unknown and will be ignored: [examples]
    level: "warning"
    schema: {"loadingURI":"#","pointer":"/properties/category/properties/id"}
    domain: "syntax"
    ignored: ["examples"]
warning: the following keywords are unknown and will be ignored: [examples]
    level: "warning"
    schema: {"loadingURI":"#","pointer":"/properties/category/properties/name"}
    domain: "syntax"
    ignored: ["examples"]
warning: the following keywords are unknown and will be ignored: [examples]
    level: "warning"
    schema: {"loadingURI":"#","pointer":"/properties/id"}
    domain: "syntax"
    ignored: ["examples"]
warning: the following keywords are unknown and will be ignored: [examples]
    level: "warning"
    schema: {"loadingURI":"#","pointer":"/properties/name"}
    domain: "syntax"
    ignored: ["examples"]
warning: the following keywords are unknown and will be ignored: [examples]
    level: "warning"
    schema: {"loadingURI":"#","pointer":"/properties/photoUrls"}
    domain: "syntax"
    ignored: ["examples"]
warning: the following keywords are unknown and will be ignored: [examples]
    level: "warning"
    schema: {"loadingURI":"#","pointer":"/properties/photoUrls/items"}
    domain: "syntax"
    ignored: ["examples"]
warning: the following keywords are unknown and will be ignored: [examples]
    level: "warning"
    schema: {"loadingURI":"#","pointer":"/properties/status"}
    domain: "syntax"
    ignored: ["examples"]
warning: the following keywords are unknown and will be ignored: [examples]
    level: "warning"
    schema: {"loadingURI":"#","pointer":"/properties/tags"}
    domain: "syntax"
    ignored: ["examples"]
warning: the following keywords are unknown and will be ignored: [examples]
    level: "warning"
    schema: {"loadingURI":"#","pointer":"/properties/tags/items"}
    domain: "syntax"
    ignored: ["examples"]
warning: the following keywords are unknown and will be ignored: [examples]
    level: "warning"
    schema: {"loadingURI":"#","pointer":"/properties/tags/items/properties/id"}
    domain: "syntax"
    ignored: ["examples"]
warning: the following keywords are unknown and will be ignored: [examples]
    level: "warning"
    schema: {"loadingURI":"#","pointer":"/properties/tags/items/properties/name"}
    domain: "syntax"
    ignored: ["examples"]
error: object has missing required properties (["category","id","name","photoUrls","status","tags"])
    level: "error"
    schema: {"loadingURI":"#","pointer":""}
    instance: {"pointer":""}
    domain: "validation"
    keyword: "required"
    required: ["category","id","name","photoUrls","status","tags"]
    missing: ["category","id","name","photoUrls","status","tags"]

  Actual: {"code":200,"type":"unknown","message":"17"}

</failure>
    <system-out><![CDATA[@regression @api
Feature: Petstore  API Testing
--->>>> Initializing Driver....
Test Scenario Name : Pet CRUD API
{
    "code": 200,
    "type": "unknown",
    "message": "17"
}
>>>>>>>> Screenshot Taken >>>>>>>>
 ------Test Complete, Browser Closed 

  Scenario: Pet CRUD API # PetstoreUserApiTesting.feature:4
    Given Create user    # PetstoreUserApiSteps.create_user()
      java.lang.AssertionError: 1 expectation failed.
      Response body doesn't match expectation.
      Expected: The content to match the given JSON schema.
      warning: the following keywords are unknown and will be ignored: [$id, examples]
          level: "warning"
          schema: {"loadingURI":"#","pointer":""}
          domain: "syntax"
          ignored: ["$id","examples"]
      warning: the following keywords are unknown and will be ignored: [examples]
          level: "warning"
          schema: {"loadingURI":"#","pointer":"/properties/category"}
          domain: "syntax"
          ignored: ["examples"]
      warning: the following keywords are unknown and will be ignored: [examples]
          level: "warning"
          schema: {"loadingURI":"#","pointer":"/properties/category/properties/id"}
          domain: "syntax"
          ignored: ["examples"]
      warning: the following keywords are unknown and will be ignored: [examples]
          level: "warning"
          schema: {"loadingURI":"#","pointer":"/properties/category/properties/name"}
          domain: "syntax"
          ignored: ["examples"]
      warning: the following keywords are unknown and will be ignored: [examples]
          level: "warning"
          schema: {"loadingURI":"#","pointer":"/properties/id"}
          domain: "syntax"
          ignored: ["examples"]
      warning: the following keywords are unknown and will be ignored: [examples]
          level: "warning"
          schema: {"loadingURI":"#","pointer":"/properties/name"}
          domain: "syntax"
          ignored: ["examples"]
      warning: the following keywords are unknown and will be ignored: [examples]
          level: "warning"
          schema: {"loadingURI":"#","pointer":"/properties/photoUrls"}
          domain: "syntax"
          ignored: ["examples"]
      warning: the following keywords are unknown and will be ignored: [examples]
          level: "warning"
          schema: {"loadingURI":"#","pointer":"/properties/photoUrls/items"}
          domain: "syntax"
          ignored: ["examples"]
      warning: the following keywords are unknown and will be ignored: [examples]
          level: "warning"
          schema: {"loadingURI":"#","pointer":"/properties/status"}
          domain: "syntax"
          ignored: ["examples"]
      warning: the following keywords are unknown and will be ignored: [examples]
          level: "warning"
          schema: {"loadingURI":"#","pointer":"/properties/tags"}
          domain: "syntax"
          ignored: ["examples"]
      warning: the following keywords are unknown and will be ignored: [examples]
          level: "warning"
          schema: {"loadingURI":"#","pointer":"/properties/tags/items"}
          domain: "syntax"
          ignored: ["examples"]
      warning: the following keywords are unknown and will be ignored: [examples]
          level: "warning"
          schema: {"loadingURI":"#","pointer":"/properties/tags/items/properties/id"}
          domain: "syntax"
          ignored: ["examples"]
      warning: the following keywords are unknown and will be ignored: [examples]
          level: "warning"
          schema: {"loadingURI":"#","pointer":"/properties/tags/items/properties/name"}
          domain: "syntax"
          ignored: ["examples"]
      error: object has missing required properties (["category","id","name","photoUrls","status","tags"])
          level: "error"
          schema: {"loadingURI":"#","pointer":""}
          instance: {"pointer":""}
          domain: "validation"
          keyword: "required"
          required: ["category","id","name","photoUrls","status","tags"]
          missing: ["category","id","name","photoUrls","status","tags"]
      
        Actual: {"code":200,"type":"unknown","message":"17"}
      
      	at sun.reflect.NativeConstructorAccessorImpl.newInstance0(Native Method)
      	at sun.reflect.NativeConstructorAccessorImpl.newInstance(Unknown Source)
      	at sun.reflect.DelegatingConstructorAccessorImpl.newInstance(Unknown Source)
      	at java.lang.reflect.Constructor.newInstance(Unknown Source)
      	at org.codehaus.groovy.reflection.CachedConstructor.invoke(CachedConstructor.java:83)
      	at org.codehaus.groovy.reflection.CachedConstructor.doConstructorInvoke(CachedConstructor.java:77)
      	at org.codehaus.groovy.runtime.callsite.ConstructorSite$ConstructorSiteNoUnwrap.callConstructor(ConstructorSite.java:84)
      	at org.codehaus.groovy.runtime.callsite.CallSiteArray.defaultCallConstructor(CallSiteArray.java:60)
      	at org.codehaus.groovy.runtime.callsite.AbstractCallSite.callConstructor(AbstractCallSite.java:235)
      	at org.codehaus.groovy.runtime.callsite.AbstractCallSite.callConstructor(AbstractCallSite.java:247)
      	at io.restassured.internal.ResponseSpecificationImpl$HamcrestAssertionClosure.validate(ResponseSpecificationImpl.groovy:471)
      	at io.restassured.internal.ResponseSpecificationImpl$HamcrestAssertionClosure$validate$1.call(Unknown Source)
      	at io.restassured.internal.ResponseSpecificationImpl.validateResponseIfRequired(ResponseSpecificationImpl.groovy:636)
      	at sun.reflect.NativeMethodAccessorImpl.invoke0(Native Method)
      	at sun.reflect.NativeMethodAccessorImpl.invoke(Unknown Source)
      	at sun.reflect.DelegatingMethodAccessorImpl.invoke(Unknown Source)
      	at java.lang.reflect.Method.invoke(Unknown Source)
      	at org.codehaus.groovy.runtime.callsite.PogoMetaMethodSite$PogoCachedMethodSiteNoUnwrapNoCoerce.invoke(PogoMetaMethodSite.java:210)
      	at org.codehaus.groovy.runtime.callsite.PogoMetaMethodSite.callCurrent(PogoMetaMethodSite.java:59)
      	at org.codehaus.groovy.runtime.callsite.AbstractCallSite.callCurrent(AbstractCallSite.java:166)
      	at io.restassured.internal.ResponseSpecificationImpl.content(ResponseSpecificationImpl.groovy:94)
      	at io.restassured.specification.ResponseSpecification$content$1.callCurrent(Unknown Source)
      	at io.restassured.internal.ResponseSpecificationImpl.body(ResponseSpecificationImpl.groovy:244)
      	at io.restassured.internal.ValidatableResponseOptionsImpl.body(ValidatableResponseOptionsImpl.java:262)
      	at upskill.api.restassured.PetstoreUserRestAssuredActions.createUser(PetstoreUserRestAssuredActions.java:30)
      	at hulk.drugs.stepDef.PetstoreUserApiSteps.create_user(PetstoreUserApiSteps.java:14)
      	at ?.Given Create user(PetstoreUserApiTesting.feature:6)

    And Get user         # PetstoreUserApiSteps.get_user()
    When Update user     # PetstoreUserApiSteps.update_user()
    Then Delete user     # PetstoreUserApiSteps.delete_user()
]]></system-out>
    <system-err><![CDATA[Starting ChromeDriver 128.0.6613.119 (6e439cfca4deda5954b0c74cde9b521c03cb31ad-refs/branch-heads/6613@{#1464}) on port 37384
Only local connections are allowed.
Please see https://chromedriver.chromium.org/security-considerations for suggestions on keeping ChromeDriver safe.
ChromeDriver was started successfully on port 37384.
Sep 04, 2024 9:46:56 PM org.openqa.selenium.remote.ProtocolHandshake createSession
INFO: Detected dialect: W3C
]]></system-err>
  </testcase>
  <testcase name="feature" classname="hulk.runners.RunnerClass" time="11.006"/>
  <testcase name="feature" classname="hulk.runners.RunnerClass" time="356.921">
    <failure message="org.openqa.selenium.WebDriverException: unknown error: cannot determine loading status&#10;from disconnected: unable to send message to renderer&#10;  (Session info: chrome=128.0.6613.119)&#10;Build info: version: &apos;3.12.0&apos;, revision: &apos;7c6e0b3&apos;, time: &apos;2018-05-08T14:04:26.12Z&apos;&#10;System info: host: &apos;DESKTOP-S20TJ16&apos;, ip: &apos;192.168.1.13&apos;, os.name: &apos;Windows 10&apos;, os.arch: &apos;amd64&apos;, os.version: &apos;10.0&apos;, java.version: &apos;1.8.0_202&apos;&#10;Driver info: org.openqa.selenium.chrome.ChromeDriver&#10;Capabilities {acceptInsecureCerts: false, browserName: chrome, browserVersion: 128.0.6613.119, chrome: {chromedriverVersion: 128.0.6613.119 (6e439cfca4d..., userDataDir: C:\Users\eguru\AppData\Loca...}, fedcm:accounts: true, goog:chromeOptions: {debuggerAddress: localhost:55855}, javascriptEnabled: true, networkConnectionEnabled: false, pageLoadStrategy: normal, platform: WINDOWS, platformName: WINDOWS, proxy: Proxy(), setWindowRect: true, strictFileInteractability: false, timeouts: {implicit: 0, pageLoad: 300000, script: 30000}, unhandledPromptBehavior: dismiss and notify, webauthn:extension:credBlob: true, webauthn:extension:largeBlob: true, webauthn:extension:minPinLength: true, webauthn:extension:prf: true, webauthn:virtualAuthenticators: true}&#10;Session ID: 4bff68a6bd0f3fd57426e02a25bb6d97" type="cucumber.runtime.CucumberException">cucumber.runtime.CucumberException: 
org.openqa.selenium.WebDriverException: unknown error: cannot determine loading status
from disconnected: unable to send message to renderer
  (Session info: chrome=128.0.6613.119)
Build info: version: '3.12.0', revision: '7c6e0b3', time: '2018-05-08T14:04:26.12Z'
System info: host: 'DESKTOP-S20TJ16', ip: '192.168.1.13', os.name: 'Windows 10', os.arch: 'amd64', os.version: '10.0', java.version: '1.8.0_202'
Driver info: org.openqa.selenium.chrome.ChromeDriver
Capabilities {acceptInsecureCerts: false, browserName: chrome, browserVersion: 128.0.6613.119, chrome: {chromedriverVersion: 128.0.6613.119 (6e439cfca4d..., userDataDir: C:\Users\eguru\AppData\Loca...}, fedcm:accounts: true, goog:chromeOptions: {debuggerAddress: localhost:55855}, javascriptEnabled: true, networkConnectionEnabled: false, pageLoadStrategy: normal, platform: WINDOWS, platformName: WINDOWS, proxy: Proxy(), setWindowRect: true, strictFileInteractability: false, timeouts: {implicit: 0, pageLoad: 300000, script: 30000}, unhandledPromptBehavior: dismiss and notify, webauthn:extension:credBlob: true, webauthn:extension:largeBlob: true, webauthn:extension:minPinLength: true, webauthn:extension:prf: true, webauthn:virtualAuthenticators: true}
Session ID: 4bff68a6bd0f3fd57426e02a25bb6d97
Caused by: org.openqa.selenium.WebDriverException: 
unknown error: cannot determine loading status
from disconnected: unable to send message to renderer
  (Session info: chrome=128.0.6613.119)
Build info: version: '3.12.0', revision: '7c6e0b3', time: '2018-05-08T14:04:26.12Z'
System info: host: 'DESKTOP-S20TJ16', ip: '192.168.1.13', os.name: 'Windows 10', os.arch: 'amd64', os.version: '10.0', java.version: '1.8.0_202'
Driver info: org.openqa.selenium.chrome.ChromeDriver
Capabilities {acceptInsecureCerts: false, browserName: chrome, browserVersion: 128.0.6613.119, chrome: {chromedriverVersion: 128.0.6613.119 (6e439cfca4d..., userDataDir: C:\Users\eguru\AppData\Loca...}, fedcm:accounts: true, goog:chromeOptions: {debuggerAddress: localhost:55855}, javascriptEnabled: true, networkConnectionEnabled: false, pageLoadStrategy: normal, platform: WINDOWS, platformName: WINDOWS, proxy: Proxy(), setWindowRect: true, strictFileInteractability: false, timeouts: {implicit: 0, pageLoad: 300000, script: 30000}, unhandledPromptBehavior: dismiss and notify, webauthn:extension:credBlob: true, webauthn:extension:largeBlob: true, webauthn:extension:minPinLength: true, webauthn:extension:prf: true, webauthn:virtualAuthenticators: true}
Session ID: 4bff68a6bd0f3fd57426e02a25bb6d97
</failure>
    <system-out><![CDATA[@regression
Feature: Side Effects functionality
--->>>> Initializing Driver....
Test Scenario Name : User searches Side Effects for Adderall

  Background:  # SideEffects.feature:3
    
    Given:The user is on the Drugs.com homepage.

Failure in after hook:AfterActions.afterActions(Scenario)
Message: org.openqa.selenium.WebDriverException: disconnected: not connected to DevTools
  (failed to check if window was closed: disconnected: not connected to DevTools)
  (Session info: chrome=128.0.6613.119)
Build info: version: '3.12.0', revision: '7c6e0b3', time: '2018-05-08T14:04:26.12Z'
System info: host: 'DESKTOP-S20TJ16', ip: '192.168.1.13', os.name: 'Windows 10', os.arch: 'amd64', os.version: '10.0', java.version: '1.8.0_202'
Driver info: org.openqa.selenium.chrome.ChromeDriver
Capabilities {acceptInsecureCerts: false, browserName: chrome, browserVersion: 128.0.6613.119, chrome: {chromedriverVersion: 128.0.6613.119 (6e439cfca4d..., userDataDir: C:\Users\eguru\AppData\Loca...}, fedcm:accounts: true, goog:chromeOptions: {debuggerAddress: localhost:55855}, javascriptEnabled: true, networkConnectionEnabled: false, pageLoadStrategy: normal, platform: WINDOWS, platformName: WINDOWS, proxy: Proxy(), setWindowRect: true, strictFileInteractability: false, timeouts: {implicit: 0, pageLoad: 300000, script: 30000}, unhandledPromptBehavior: dismiss and notify, webauthn:extension:credBlob: true, webauthn:extension:largeBlob: true, webauthn:extension:minPinLength: true, webauthn:extension:prf: true, webauthn:virtualAuthenticators: true}
Session ID: 4bff68a6bd0f3fd57426e02a25bb6d97
	at sun.reflect.NativeConstructorAccessorImpl.newInstance0(Native Method)
	at sun.reflect.NativeConstructorAccessorImpl.newInstance(Unknown Source)
	at sun.reflect.DelegatingConstructorAccessorImpl.newInstance(Unknown Source)
	at java.lang.reflect.Constructor.newInstance(Unknown Source)
	at org.openqa.selenium.remote.http.W3CHttpResponseCodec.createException(W3CHttpResponseCodec.java:187)
	at org.openqa.selenium.remote.http.W3CHttpResponseCodec.decode(W3CHttpResponseCodec.java:122)
	at org.openqa.selenium.remote.http.W3CHttpResponseCodec.decode(W3CHttpResponseCodec.java:49)
	at org.openqa.selenium.remote.HttpCommandExecutor.execute(HttpCommandExecutor.java:158)
	at org.openqa.selenium.remote.service.DriverCommandExecutor.execute(DriverCommandExecutor.java:83)
	at org.openqa.selenium.remote.RemoteWebDriver.execute(RemoteWebDriver.java:543)
	at org.openqa.selenium.remote.RemoteWebDriver.execute(RemoteWebDriver.java:600)
	at org.openqa.selenium.remote.RemoteWebDriver.getScreenshotAs(RemoteWebDriver.java:289)
	at hulk.utilities.TakeScreenshot.screenshots(TakeScreenshot.java:21)
	at hulk.utilities.AfterActions.afterActions(AfterActions.java:14)
	at sun.reflect.NativeMethodAccessorImpl.invoke0(Native Method)
	at sun.reflect.NativeMethodAccessorImpl.invoke(Unknown Source)
	at sun.reflect.DelegatingMethodAccessorImpl.invoke(Unknown Source)
	at java.lang.reflect.Method.invoke(Unknown Source)
	at cucumber.runtime.Utils$1.call(Utils.java:37)
	at cucumber.runtime.Timeout.timeout(Timeout.java:13)
	at cucumber.runtime.Utils.invoke(Utils.java:31)
	at cucumber.runtime.java.JavaHookDefinition.execute(JavaHookDefinition.java:60)
	at cucumber.runtime.Runtime.runHookIfTagsMatch(Runtime.java:223)
	at cucumber.runtime.Runtime.runHooks(Runtime.java:211)
	at cucumber.runtime.Runtime.runAfterHooks(Runtime.java:205)
	at cucumber.runtime.model.CucumberScenario.run(CucumberScenario.java:46)
	at cucumber.runtime.model.CucumberFeature.run(CucumberFeature.java:165)
	at cucumber.api.testng.TestNGCucumberRunner.runCucumber(TestNGCucumberRunner.java:63)
	at cucumber.api.testng.AbstractTestNGCucumberTests.feature(AbstractTestNGCucumberTests.java:21)
	at sun.reflect.NativeMethodAccessorImpl.invoke0(Native Method)
	at sun.reflect.NativeMethodAccessorImpl.invoke(Unknown Source)
	at sun.reflect.DelegatingMethodAccessorImpl.invoke(Unknown Source)
	at java.lang.reflect.Method.invoke(Unknown Source)
	at org.testng.internal.MethodInvocationHelper.invokeMethod(MethodInvocationHelper.java:80)
	at org.testng.internal.Invoker.invokeMethod(Invoker.java:714)
	at org.testng.internal.Invoker.invokeTestMethod(Invoker.java:901)
	at org.testng.internal.Invoker.invokeTestMethods(Invoker.java:1231)
	at org.testng.internal.TestMethodWorker.invokeTestMethods(TestMethodWorker.java:127)
	at org.testng.internal.TestMethodWorker.run(TestMethodWorker.java:111)
	at org.testng.TestRunner.privateRun(TestRunner.java:767)
	at org.testng.TestRunner.run(TestRunner.java:617)
	at org.testng.SuiteRunner.runTest(SuiteRunner.java:334)
	at org.testng.SuiteRunner.runSequentially(SuiteRunner.java:329)
	at org.testng.SuiteRunner.privateRun(SuiteRunner.java:291)
	at org.testng.SuiteRunner.run(SuiteRunner.java:240)
	at org.testng.SuiteRunnerWorker.runSuite(SuiteRunnerWorker.java:52)
	at org.testng.SuiteRunnerWorker.run(SuiteRunnerWorker.java:86)
	at org.testng.TestNG.runSuitesSequentially(TestNG.java:1198)
	at org.testng.TestNG.runSuitesLocally(TestNG.java:1123)
	at org.testng.TestNG.run(TestNG.java:1031)
	at org.apache.maven.surefire.testng.TestNGExecutor.run(TestNGExecutor.java:283)
	at org.apache.maven.surefire.testng.TestNGXmlTestSuite.execute(TestNGXmlTestSuite.java:75)
	at org.apache.maven.surefire.testng.TestNGProvider.invoke(TestNGProvider.java:120)
	at org.apache.maven.surefire.booter.ForkedBooter.invokeProviderInSameClassLoader(ForkedBooter.java:379)
	at org.apache.maven.surefire.booter.ForkedBooter.runSuitesInProcess(ForkedBooter.java:340)
	at org.apache.maven.surefire.booter.ForkedBooter.execute(ForkedBooter.java:125)
	at org.apache.maven.surefire.booter.ForkedBooter.main(ForkedBooter.java:413)

      org.openqa.selenium.WebDriverException: disconnected: not connected to DevTools
        (failed to check if window was closed: disconnected: not connected to DevTools)
        (Session info: chrome=128.0.6613.119)
      Build info: version: '3.12.0', revision: '7c6e0b3', time: '2018-05-08T14:04:26.12Z'
      System info: host: 'DESKTOP-S20TJ16', ip: '192.168.1.13', os.name: 'Windows 10', os.arch: 'amd64', os.version: '10.0', java.version: '1.8.0_202'
      Driver info: org.openqa.selenium.chrome.ChromeDriver
      Capabilities {acceptInsecureCerts: false, browserName: chrome, browserVersion: 128.0.6613.119, chrome: {chromedriverVersion: 128.0.6613.119 (6e439cfca4d..., userDataDir: C:\Users\eguru\AppData\Loca...}, fedcm:accounts: true, goog:chromeOptions: {debuggerAddress: localhost:55855}, javascriptEnabled: true, networkConnectionEnabled: false, pageLoadStrategy: normal, platform: WINDOWS, platformName: WINDOWS, proxy: Proxy(), setWindowRect: true, strictFileInteractability: false, timeouts: {implicit: 0, pageLoad: 300000, script: 30000}, unhandledPromptBehavior: dismiss and notify, webauthn:extension:credBlob: true, webauthn:extension:largeBlob: true, webauthn:extension:minPinLength: true, webauthn:extension:prf: true, webauthn:virtualAuthenticators: true}
      Session ID: 4bff68a6bd0f3fd57426e02a25bb6d97
      	at sun.reflect.NativeConstructorAccessorImpl.newInstance0(Native Method)
      	at sun.reflect.NativeConstructorAccessorImpl.newInstance(Unknown Source)
      	at sun.reflect.DelegatingConstructorAccessorImpl.newInstance(Unknown Source)
      	at java.lang.reflect.Constructor.newInstance(Unknown Source)
      	at org.openqa.selenium.remote.http.W3CHttpResponseCodec.createException(W3CHttpResponseCodec.java:187)
      	at org.openqa.selenium.remote.http.W3CHttpResponseCodec.decode(W3CHttpResponseCodec.java:122)
      	at org.openqa.selenium.remote.http.W3CHttpResponseCodec.decode(W3CHttpResponseCodec.java:49)
      	at org.openqa.selenium.remote.HttpCommandExecutor.execute(HttpCommandExecutor.java:158)
      	at org.openqa.selenium.remote.service.DriverCommandExecutor.execute(DriverCommandExecutor.java:83)
      	at org.openqa.selenium.remote.RemoteWebDriver.execute(RemoteWebDriver.java:543)
      	at org.openqa.selenium.remote.RemoteWebDriver.execute(RemoteWebDriver.java:600)
      	at org.openqa.selenium.remote.RemoteWebDriver.getScreenshotAs(RemoteWebDriver.java:289)
      	at hulk.utilities.TakeScreenshot.screenshots(TakeScreenshot.java:21)
      	at hulk.utilities.AfterActions.afterActions(AfterActions.java:14)
      	at sun.reflect.NativeMethodAccessorImpl.invoke0(Native Method)
      	at sun.reflect.NativeMethodAccessorImpl.invoke(Unknown Source)
      	at sun.reflect.DelegatingMethodAccessorImpl.invoke(Unknown Source)
      	at java.lang.reflect.Method.invoke(Unknown Source)
      	at cucumber.runtime.Utils$1.call(Utils.java:37)
      	at cucumber.runtime.Timeout.timeout(Timeout.java:13)
      	at cucumber.runtime.Utils.invoke(Utils.java:31)
      	at cucumber.runtime.java.JavaHookDefinition.execute(JavaHookDefinition.java:60)
      	at cucumber.runtime.Runtime.runHookIfTagsMatch(Runtime.java:223)
      	at cucumber.runtime.Runtime.runHooks(Runtime.java:211)
      	at cucumber.runtime.Runtime.runAfterHooks(Runtime.java:205)
      	at cucumber.runtime.model.CucumberScenario.run(CucumberScenario.java:46)
      	at cucumber.runtime.model.CucumberFeature.run(CucumberFeature.java:165)
      	at cucumber.api.testng.TestNGCucumberRunner.runCucumber(TestNGCucumberRunner.java:63)
      	at cucumber.api.testng.AbstractTestNGCucumberTests.feature(AbstractTestNGCucumberTests.java:21)
      	at sun.reflect.NativeMethodAccessorImpl.invoke0(Native Method)
      	at sun.reflect.NativeMethodAccessorImpl.invoke(Unknown Source)
      	at sun.reflect.DelegatingMethodAccessorImpl.invoke(Unknown Source)
      	at java.lang.reflect.Method.invoke(Unknown Source)
      	at org.testng.internal.MethodInvocationHelper.invokeMethod(MethodInvocationHelper.java:80)
      	at org.testng.internal.Invoker.invokeMethod(Invoker.java:714)
      	at org.testng.internal.Invoker.invokeTestMethod(Invoker.java:901)
      	at org.testng.internal.Invoker.invokeTestMethods(Invoker.java:1231)
      	at org.testng.internal.TestMethodWorker.invokeTestMethods(TestMethodWorker.java:127)
      	at org.testng.internal.TestMethodWorker.run(TestMethodWorker.java:111)
      	at org.testng.TestRunner.privateRun(TestRunner.java:767)
      	at org.testng.TestRunner.run(TestRunner.java:617)
      	at org.testng.SuiteRunner.runTest(SuiteRunner.java:334)
      	at org.testng.SuiteRunner.runSequentially(SuiteRunner.java:329)
      	at org.testng.SuiteRunner.privateRun(SuiteRunner.java:291)
      	at org.testng.SuiteRunner.run(SuiteRunner.java:240)
      	at org.testng.SuiteRunnerWorker.runSuite(SuiteRunnerWorker.java:52)
      	at org.testng.SuiteRunnerWorker.run(SuiteRunnerWorker.java:86)
      	at org.testng.TestNG.runSuitesSequentially(TestNG.java:1198)
      	at org.testng.TestNG.runSuitesLocally(TestNG.java:1123)
      	at org.testng.TestNG.run(TestNG.java:1031)
      	at org.apache.maven.surefire.testng.TestNGExecutor.run(TestNGExecutor.java:283)
      	at org.apache.maven.surefire.testng.TestNGXmlTestSuite.execute(TestNGXmlTestSuite.java:75)
      	at org.apache.maven.surefire.testng.TestNGProvider.invoke(TestNGProvider.java:120)
      	at org.apache.maven.surefire.booter.ForkedBooter.invokeProviderInSameClassLoader(ForkedBooter.java:379)
      	at org.apache.maven.surefire.booter.ForkedBooter.runSuitesInProcess(ForkedBooter.java:340)
      	at org.apache.maven.surefire.booter.ForkedBooter.execute(ForkedBooter.java:125)
      	at org.apache.maven.surefire.booter.ForkedBooter.main(ForkedBooter.java:413)


  Scenario: User searches Side Effects for Adderall # SideEffects.feature:7
    When the user clicks on Side Effects            # DrugsHomePageSteps.the_user_clicks_on_Side_Effects()
    And enters Adderall in the search box           # DrugsSearchPageSteps.enters_Adderall_in_the_search_box()
    And clicks on the search                        # DrugsSearchPageSteps.clicks_on_the_search()
      org.openqa.selenium.WebDriverException: unknown error: cannot determine loading status
      from disconnected: unable to send message to renderer
        (Session info: chrome=128.0.6613.119)
      Build info: version: '3.12.0', revision: '7c6e0b3', time: '2018-05-08T14:04:26.12Z'
      System info: host: 'DESKTOP-S20TJ16', ip: '192.168.1.13', os.name: 'Windows 10', os.arch: 'amd64', os.version: '10.0', java.version: '1.8.0_202'
      Driver info: org.openqa.selenium.chrome.ChromeDriver
      Capabilities {acceptInsecureCerts: false, browserName: chrome, browserVersion: 128.0.6613.119, chrome: {chromedriverVersion: 128.0.6613.119 (6e439cfca4d..., userDataDir: C:\Users\eguru\AppData\Loca...}, fedcm:accounts: true, goog:chromeOptions: {debuggerAddress: localhost:55855}, javascriptEnabled: true, networkConnectionEnabled: false, pageLoadStrategy: normal, platform: WINDOWS, platformName: WINDOWS, proxy: Proxy(), setWindowRect: true, strictFileInteractability: false, timeouts: {implicit: 0, pageLoad: 300000, script: 30000}, unhandledPromptBehavior: dismiss and notify, webauthn:extension:credBlob: true, webauthn:extension:largeBlob: true, webauthn:extension:minPinLength: true, webauthn:extension:prf: true, webauthn:virtualAuthenticators: true}
      Session ID: 4bff68a6bd0f3fd57426e02a25bb6d97
      	at sun.reflect.NativeConstructorAccessorImpl.newInstance0(Native Method)
      	at sun.reflect.NativeConstructorAccessorImpl.newInstance(Unknown Source)
      	at sun.reflect.DelegatingConstructorAccessorImpl.newInstance(Unknown Source)
      	at java.lang.reflect.Constructor.newInstance(Unknown Source)
      	at org.openqa.selenium.remote.http.W3CHttpResponseCodec.createException(W3CHttpResponseCodec.java:187)
      	at org.openqa.selenium.remote.http.W3CHttpResponseCodec.decode(W3CHttpResponseCodec.java:122)
      	at org.openqa.selenium.remote.http.W3CHttpResponseCodec.decode(W3CHttpResponseCodec.java:49)
      	at org.openqa.selenium.remote.HttpCommandExecutor.execute(HttpCommandExecutor.java:158)
      	at org.openqa.selenium.remote.service.DriverCommandExecutor.execute(DriverCommandExecutor.java:83)
      	at org.openqa.selenium.remote.RemoteWebDriver.execute(RemoteWebDriver.java:543)
      	at org.openqa.selenium.remote.RemoteWebElement.execute(RemoteWebElement.java:276)
      	at org.openqa.selenium.remote.RemoteWebElement.click(RemoteWebElement.java:83)
      	at sun.reflect.NativeMethodAccessorImpl.invoke0(Native Method)
      	at sun.reflect.NativeMethodAccessorImpl.invoke(Unknown Source)
      	at sun.reflect.DelegatingMethodAccessorImpl.invoke(Unknown Source)
      	at java.lang.reflect.Method.invoke(Unknown Source)
      	at org.openqa.selenium.support.pagefactory.internal.LocatingElementHandler.invoke(LocatingElementHandler.java:51)
      	at com.sun.proxy.$Proxy18.click(Unknown Source)
      	at hulk.drugs.pageAction.DrugsSearchPageActions.SideESearch(DrugsSearchPageActions.java:28)
      	at hulk.drugs.stepDef.DrugsSearchPageSteps.clicks_on_the_search(DrugsSearchPageSteps.java:24)
      	at ?.And clicks on the search(SideEffects.feature:10)

    Then the  Adderall Side Effects is provided     # SideEffectsResultPageSteps.the_Adderall_Side_Effects_is_provided()
]]></system-out>
    <system-err><![CDATA[Starting ChromeDriver 128.0.6613.119 (6e439cfca4deda5954b0c74cde9b521c03cb31ad-refs/branch-heads/6613@{#1464}) on port 31165
Only local connections are allowed.
Please see https://chromedriver.chromium.org/security-considerations for suggestions on keeping ChromeDriver safe.
ChromeDriver was started successfully on port 31165.
Sep 04, 2024 9:47:12 PM org.openqa.selenium.remote.ProtocolHandshake createSession
INFO: Detected dialect: W3C
[1725501188.022][SEVERE]: Unable to receive message from renderer
]]></system-err>
  </testcase>
</testsuite>