<?xml version="1.0" encoding="UTF-8"?>
<testng-results skipped="0" failed="0" total="2" passed="2">
  <reporter-output>
  </reporter-output>
  <suite name="Regression" duration-ms="112741" started-at="2024-08-17T16:16:13Z" finished-at="2024-08-17T16:18:06Z">
    <groups>
      <group name="cucumber">
        <method signature="AbstractTestNGCucumberTests.feature(cucumber.api.testng.CucumberFeatureWrapper)[pri:0, instance:hulk.runners.RunnerClass@735b5592]" name="feature" class="cucumber.api.testng.AbstractTestNGCucumberTests"/>
      </group> <!-- cucumber -->
    </groups>
    <test name="drugs" duration-ms="112741" started-at="2024-08-17T16:16:13Z" finished-at="2024-08-17T16:18:06Z">
      <class name="hulk.runners.RunnerClass">
        <test-method status="PASS" signature="setUpClass()[pri:0, instance:hulk.runners.RunnerClass@735b5592]" name="setUpClass" is-config="true" duration-ms="143" started-at="2024-08-17T12:16:13Z" finished-at="2024-08-17T12:16:13Z">
          <reporter-output>
          </reporter-output>
        </test-method> <!-- setUpClass -->
        <test-method status="PASS" signature="feature(cucumber.api.testng.CucumberFeatureWrapper)[pri:0, instance:hulk.runners.RunnerClass@735b5592]" name="feature" duration-ms="58071" started-at="2024-08-17T12:16:13Z" description="Runs Cucumber Feature" data-provider="features" finished-at="2024-08-17T12:17:11Z">
          <params>
            <param index="0">
              <value>
                <![CDATA[Contact Us functionality on drugs.com]]>
              </value>
            </param>
          </params>
          <reporter-output>
          </reporter-output>
        </test-method> <!-- feature -->
        <test-method status="PASS" signature="feature(cucumber.api.testng.CucumberFeatureWrapper)[pri:0, instance:hulk.runners.RunnerClass@735b5592]" name="feature" duration-ms="54214" started-at="2024-08-17T12:17:11Z" description="Runs Cucumber Feature" data-provider="features" finished-at="2024-08-17T12:18:06Z">
          <params>
            <param index="0">
              <value>
                <![CDATA[Drug & Medication functionality]]>
              </value>
            </param>
          </params>
          <reporter-output>
          </reporter-output>
        </test-method> <!-- feature -->
        <test-method status="PASS" signature="writeExtentReport()[pri:0, instance:hulk.runners.RunnerClass@735b5592]" name="writeExtentReport" is-config="true" duration-ms="26" started-at="2024-08-17T12:18:06Z" finished-at="2024-08-17T12:18:06Z">
          <reporter-output>
          </reporter-output>
        </test-method> <!-- writeExtentReport -->
        <test-method status="PASS" signature="tearDownClass()[pri:0, instance:hulk.runners.RunnerClass@735b5592]" name="tearDownClass" is-config="true" duration-ms="239" started-at="2024-08-17T12:18:06Z" finished-at="2024-08-17T12:18:06Z">
          <reporter-output>
          </reporter-output>
        </test-method> <!-- tearDownClass -->
      </class> <!-- hulk.runners.RunnerClass -->
    </test> <!-- drugs -->
  </suite> <!-- Regression -->
</testng-results>
