<?xml version="1.0" encoding="UTF-8"?>
<testng-results skipped="0" failed="0" total="8" passed="8">
  <reporter-output>
  </reporter-output>
  <suite name="Regression" duration-ms="141162" started-at="2024-09-05T15:07:01Z" finished-at="2024-09-05T15:09:22Z">
    <groups>
      <group name="cucumber">
        <method signature="AbstractTestNGCucumberTests.feature(cucumber.api.testng.CucumberFeatureWrapper)[pri:0, instance:hulk.runners.RunnerClass@735b5592]" name="feature" class="cucumber.api.testng.AbstractTestNGCucumberTests"/>
      </group> <!-- cucumber -->
    </groups>
    <test name="drugs" duration-ms="141162" started-at="2024-09-05T15:07:01Z" finished-at="2024-09-05T15:09:22Z">
      <class name="hulk.runners.RunnerClass">
        <test-method status="PASS" signature="setUpClass()[pri:0, instance:hulk.runners.RunnerClass@735b5592]" name="setUpClass" is-config="true" duration-ms="173" started-at="2024-09-05T11:07:01Z" finished-at="2024-09-05T11:07:01Z">
          <reporter-output>
          </reporter-output>
        </test-method> <!-- setUpClass -->
        <test-method status="PASS" signature="feature(cucumber.api.testng.CucumberFeatureWrapper)[pri:0, instance:hulk.runners.RunnerClass@735b5592]" name="feature" duration-ms="11892" started-at="2024-09-05T11:07:01Z" description="Runs Cucumber Feature" data-provider="features" finished-at="2024-09-05T11:07:13Z">
          <params>
            <param index="0">
              <value>
                <![CDATA[Drug Browse Condition]]>
              </value>
            </param>
          </params>
          <reporter-output>
          </reporter-output>
        </test-method> <!-- feature -->
        <test-method status="PASS" signature="feature(cucumber.api.testng.CucumberFeatureWrapper)[pri:0, instance:hulk.runners.RunnerClass@735b5592]" name="feature" duration-ms="38207" started-at="2024-09-05T11:07:13Z" description="Runs Cucumber Feature" data-provider="features" finished-at="2024-09-05T11:07:51Z">
          <params>
            <param index="0">
              <value>
                <![CDATA[Contact Us functionality on drugs.com]]>
              </value>
            </param>
          </params>
          <reporter-output>
          </reporter-output>
        </test-method> <!-- feature -->
        <test-method status="PASS" signature="feature(cucumber.api.testng.CucumberFeatureWrapper)[pri:0, instance:hulk.runners.RunnerClass@735b5592]" name="feature" duration-ms="20994" started-at="2024-09-05T11:07:51Z" description="Runs Cucumber Feature" data-provider="features" finished-at="2024-09-05T11:08:12Z">
          <params>
            <param index="0">
              <value>
                <![CDATA[Drug & Medication functionality]]>
              </value>
            </param>
          </params>
          <reporter-output>
          </reporter-output>
        </test-method> <!-- feature -->
        <test-method status="PASS" signature="feature(cucumber.api.testng.CucumberFeatureWrapper)[pri:0, instance:hulk.runners.RunnerClass@735b5592]" name="feature" duration-ms="5713" started-at="2024-09-05T11:08:12Z" description="Runs Cucumber Feature" data-provider="features" finished-at="2024-09-05T11:08:18Z">
          <params>
            <param index="0">
              <value>
                <![CDATA[New Drugs functionality]]>
              </value>
            </param>
          </params>
          <reporter-output>
          </reporter-output>
        </test-method> <!-- feature -->
        <test-method status="PASS" signature="feature(cucumber.api.testng.CucumberFeatureWrapper)[pri:0, instance:hulk.runners.RunnerClass@735b5592]" name="feature" duration-ms="6944" started-at="2024-09-05T11:08:18Z" description="Runs Cucumber Feature" data-provider="features" finished-at="2024-09-05T11:08:25Z">
          <params>
            <param index="0">
              <value>
                <![CDATA[Petstore API Testing]]>
              </value>
            </param>
          </params>
          <reporter-output>
          </reporter-output>
        </test-method> <!-- feature -->
        <test-method status="PASS" signature="feature(cucumber.api.testng.CucumberFeatureWrapper)[pri:0, instance:hulk.runners.RunnerClass@735b5592]" name="feature" duration-ms="3805" started-at="2024-09-05T11:08:25Z" description="Runs Cucumber Feature" data-provider="features" finished-at="2024-09-05T11:08:28Z">
          <params>
            <param index="0">
              <value>
                <![CDATA[Petstore  API Testing]]>
              </value>
            </param>
          </params>
          <reporter-output>
          </reporter-output>
        </test-method> <!-- feature -->
        <test-method status="PASS" signature="feature(cucumber.api.testng.CucumberFeatureWrapper)[pri:0, instance:hulk.runners.RunnerClass@735b5592]" name="feature" duration-ms="10048" started-at="2024-09-05T11:08:28Z" description="Runs Cucumber Feature" data-provider="features" finished-at="2024-09-05T11:08:38Z">
          <params>
            <param index="0">
              <value>
                <![CDATA[User Registration]]>
              </value>
            </param>
          </params>
          <reporter-output>
          </reporter-output>
        </test-method> <!-- feature -->
        <test-method status="PASS" signature="feature(cucumber.api.testng.CucumberFeatureWrapper)[pri:0, instance:hulk.runners.RunnerClass@735b5592]" name="feature" duration-ms="43054" started-at="2024-09-05T11:08:38Z" description="Runs Cucumber Feature" data-provider="features" finished-at="2024-09-05T11:09:22Z">
          <params>
            <param index="0">
              <value>
                <![CDATA[Side Effects functionality]]>
              </value>
            </param>
          </params>
          <reporter-output>
          </reporter-output>
        </test-method> <!-- feature -->
        <test-method status="PASS" signature="writeExtentReport()[pri:0, instance:hulk.runners.RunnerClass@735b5592]" name="writeExtentReport" is-config="true" duration-ms="31" started-at="2024-09-05T11:09:22Z" finished-at="2024-09-05T11:09:22Z">
          <reporter-output>
          </reporter-output>
        </test-method> <!-- writeExtentReport -->
        <test-method status="PASS" signature="tearDownClass()[pri:0, instance:hulk.runners.RunnerClass@735b5592]" name="tearDownClass" is-config="true" duration-ms="236" started-at="2024-09-05T11:09:22Z" finished-at="2024-09-05T11:09:22Z">
          <reporter-output>
          </reporter-output>
        </test-method> <!-- tearDownClass -->
      </class> <!-- hulk.runners.RunnerClass -->
    </test> <!-- drugs -->
  </suite> <!-- Regression -->
</testng-results>
