<?xml version="1.0" encoding="UTF-8"?>
<testng-results skipped="0" failed="0" total="8" passed="8">
  <reporter-output>
  </reporter-output>
  <suite name="Regression" duration-ms="128246" started-at="2024-09-19T17:03:18Z" finished-at="2024-09-19T17:05:26Z">
    <groups>
      <group name="cucumber">
        <method signature="AbstractTestNGCucumberTests.feature(cucumber.api.testng.CucumberFeatureWrapper)[pri:0, instance:hulk.runners.RunnerClass@735b5592]" name="feature" class="cucumber.api.testng.AbstractTestNGCucumberTests"/>
      </group> <!-- cucumber -->
    </groups>
    <test name="drugs" duration-ms="128246" started-at="2024-09-19T17:03:18Z" finished-at="2024-09-19T17:05:26Z">
      <class name="hulk.runners.RunnerClass">
        <test-method status="PASS" signature="setUpClass()[pri:0, instance:hulk.runners.RunnerClass@735b5592]" name="setUpClass" is-config="true" duration-ms="142" started-at="2024-09-19T13:03:18Z" finished-at="2024-09-19T13:03:18Z">
          <reporter-output>
          </reporter-output>
        </test-method> <!-- setUpClass -->
        <test-method status="PASS" signature="feature(cucumber.api.testng.CucumberFeatureWrapper)[pri:0, instance:hulk.runners.RunnerClass@735b5592]" name="feature" duration-ms="13187" started-at="2024-09-19T13:03:18Z" description="Runs Cucumber Feature" data-provider="features" finished-at="2024-09-19T13:03:31Z">
          <params>
            <param index="0">
              <value>
                <![CDATA[Drug Browse Condition]]>
              </value>
            </param>
          </params>
          <reporter-output>
          </reporter-output>
        </test-method> <!-- feature -->
        <test-method status="PASS" signature="feature(cucumber.api.testng.CucumberFeatureWrapper)[pri:0, instance:hulk.runners.RunnerClass@735b5592]" name="feature" duration-ms="38249" started-at="2024-09-19T13:03:31Z" description="Runs Cucumber Feature" data-provider="features" finished-at="2024-09-19T13:04:10Z">
          <params>
            <param index="0">
              <value>
                <![CDATA[Contact Us functionality on drugs.com]]>
              </value>
            </param>
          </params>
          <reporter-output>
          </reporter-output>
        </test-method> <!-- feature -->
        <test-method status="PASS" signature="feature(cucumber.api.testng.CucumberFeatureWrapper)[pri:0, instance:hulk.runners.RunnerClass@735b5592]" name="feature" duration-ms="33130" started-at="2024-09-19T13:04:10Z" description="Runs Cucumber Feature" data-provider="features" finished-at="2024-09-19T13:04:43Z">
          <params>
            <param index="0">
              <value>
                <![CDATA[Drug & Medication functionality]]>
              </value>
            </param>
          </params>
          <reporter-output>
          </reporter-output>
        </test-method> <!-- feature -->
        <test-method status="PASS" signature="feature(cucumber.api.testng.CucumberFeatureWrapper)[pri:0, instance:hulk.runners.RunnerClass@735b5592]" name="feature" duration-ms="5989" started-at="2024-09-19T13:04:43Z" description="Runs Cucumber Feature" data-provider="features" finished-at="2024-09-19T13:04:49Z">
          <params>
            <param index="0">
              <value>
                <![CDATA[New Drugs functionality]]>
              </value>
            </param>
          </params>
          <reporter-output>
          </reporter-output>
        </test-method> <!-- feature -->
        <test-method status="PASS" signature="feature(cucumber.api.testng.CucumberFeatureWrapper)[pri:0, instance:hulk.runners.RunnerClass@735b5592]" name="feature" duration-ms="5853" started-at="2024-09-19T13:04:49Z" description="Runs Cucumber Feature" data-provider="features" finished-at="2024-09-19T13:04:55Z">
          <params>
            <param index="0">
              <value>
                <![CDATA[Petstore API Testing]]>
              </value>
            </param>
          </params>
          <reporter-output>
          </reporter-output>
        </test-method> <!-- feature -->
        <test-method status="PASS" signature="feature(cucumber.api.testng.CucumberFeatureWrapper)[pri:0, instance:hulk.runners.RunnerClass@735b5592]" name="feature" duration-ms="3720" started-at="2024-09-19T13:04:55Z" description="Runs Cucumber Feature" data-provider="features" finished-at="2024-09-19T13:04:58Z">
          <params>
            <param index="0">
              <value>
                <![CDATA[Petstore  API Testing]]>
              </value>
            </param>
          </params>
          <reporter-output>
          </reporter-output>
        </test-method> <!-- feature -->
        <test-method status="PASS" signature="feature(cucumber.api.testng.CucumberFeatureWrapper)[pri:0, instance:hulk.runners.RunnerClass@735b5592]" name="feature" duration-ms="10193" started-at="2024-09-19T13:04:58Z" description="Runs Cucumber Feature" data-provider="features" finished-at="2024-09-19T13:05:09Z">
          <params>
            <param index="0">
              <value>
                <![CDATA[User Registration]]>
              </value>
            </param>
          </params>
          <reporter-output>
          </reporter-output>
        </test-method> <!-- feature -->
        <test-method status="PASS" signature="feature(cucumber.api.testng.CucumberFeatureWrapper)[pri:0, instance:hulk.runners.RunnerClass@735b5592]" name="feature" duration-ms="17412" started-at="2024-09-19T13:05:09Z" description="Runs Cucumber Feature" data-provider="features" finished-at="2024-09-19T13:05:26Z">
          <params>
            <param index="0">
              <value>
                <![CDATA[Side Effects functionality]]>
              </value>
            </param>
          </params>
          <reporter-output>
          </reporter-output>
        </test-method> <!-- feature -->
        <test-method status="PASS" signature="writeExtentReport()[pri:0, instance:hulk.runners.RunnerClass@735b5592]" name="writeExtentReport" is-config="true" duration-ms="16" started-at="2024-09-19T13:05:26Z" finished-at="2024-09-19T13:05:26Z">
          <reporter-output>
          </reporter-output>
        </test-method> <!-- writeExtentReport -->
        <test-method status="PASS" signature="tearDownClass()[pri:0, instance:hulk.runners.RunnerClass@735b5592]" name="tearDownClass" is-config="true" duration-ms="307" started-at="2024-09-19T13:05:26Z" finished-at="2024-09-19T13:05:26Z">
          <reporter-output>
          </reporter-output>
        </test-method> <!-- tearDownClass -->
      </class> <!-- hulk.runners.RunnerClass -->
    </test> <!-- drugs -->
  </suite> <!-- Regression -->
</testng-results>
